<?xml version="1.0" encoding="UTF-8"?>
<testsuite xmlns:xsi="http://www.w3.org/2001/XMLSchema-instance" xsi:noNamespaceSchemaLocation="https://maven.apache.org/surefire/maven-surefire-plugin/xsd/surefire-test-report-3.0.xsd" version="3.0" name="testRunner.TestRunner" time="58.99" tests="1" errors="0" skipped="0" failures="0">
  <properties>
[...]
</properties>
  <testcase name="runScenario[&quot;Verify Item is added to the cart on ebay&quot;, &quot;Optional[Verify the item added to the cart]&quot;](1)" classname="testRunner.TestRunner" time="56.958">
    <system-out><![CDATA[
Scenario: Verify Item is added to the cart on ebay                               &amp#27;[90m# src/test/eBayFeature/Feature/eBayLogin.feature:3&amp#27;[0m
  &amp#27;[32mGiven &amp#27;[0m&amp#27;[32mI am on ebay login page and key in user credentials&amp#27;[0m                      &amp#27;[90m# eBayProject.StepDefinition.LogineBayStepDefinition.iAmOnEbayLoginPageAndKeyInUserCredentials()&amp#27;[0m
  &amp#27;[32mWhen &amp#27;[0m&amp#27;[32msearch the item given below&amp#27;[0m                                               &amp#27;[90m# eBayProject.StepDefinition.LogineBayStepDefinition.searchTheItemGivenBelow(io.cucumber.datatable.DataTable)&amp#27;[0m
  &amp#27;[32mAnd &amp#27;[0m&amp#27;[32mI select first item from the list and add to cart&amp#27;[0m                          &amp#27;[90m# eBayProject.StepDefinition.LogineBayStepDefinition.iSelectFirstItemFromTheListAndAddToCart()&amp#27;[0m
  &amp#27;[32mThen &amp#27;[0m&amp#27;[32mVerify the cart is updated and displays the number of items in the cart &amp#27;[0m&amp#27;[32m&amp#27;[1m1&amp#27;[0m &amp#27;[90m# eBayProject.StepDefinition.LogineBayStepDefinition.verifyTheCartIsUpdatedAndDisplaysTheNumberOfItemsInTheCart(int)&amp#27;[0m
]]></system-out>
    <system-err><![CDATA[Starting ChromeDriver 131.0.6778.108 (3b014839fbc4fb688b2f5af512d6ce312ad208b1-refs/branch-heads/6778@{#2393}) on port 4718
Only local connections are allowed.
Please see https://chromedriver.chromium.org/security-considerations for suggestions on keeping ChromeDriver safe.
ChromeDriver was started successfully on port 4718.
Dec 15, 2024 5:14:12 PM org.openqa.selenium.remote.ProtocolHandshake createSession
INFO: Detected dialect: W3C
]]></system-err>
  </testcase>
</testsuite>