<?xml version="1.0" encoding="UTF-8"?>
<testng-results skipped="0" failed="0" ignored="0" total="1" passed="1">
  <reporter-output>
  </reporter-output>
  <suite name="Surefire suite" duration-ms="67133" started-at="2024-12-15T17:43:40 IST" finished-at="2024-12-15T17:44:47 IST">
    <groups>
      <group name="cucumber">
        <method signature="AbstractTestNGCucumberTests.runScenario(io.cucumber.testng.PickleWrapper,io.cucumber.testng.FeatureWrapper)[pri:0, instance:testRunner.TestRunner@3b69e7d1]" name="runScenario" class="io.cucumber.testng.AbstractTestNGCucumberTests"/>
      </group> <!-- cucumber -->
    </groups>
    <test name="Surefire test" duration-ms="67133" started-at="2024-12-15T17:43:40 IST" finished-at="2024-12-15T17:44:47 IST">
      <class name="testRunner.TestRunner">
        <test-method status="PASS" signature="setUpClass()[pri:0, instance:testRunner.TestRunner@3b69e7d1]" name="setUpClass" is-config="true" duration-ms="828" started-at="2024-12-15T17:43:40 IST" finished-at="2024-12-15T17:43:41 IST">
          <reporter-output>
          </reporter-output>
        </test-method> <!-- setUpClass -->
        <test-method status="PASS" signature="runScenario(io.cucumber.testng.PickleWrapper,io.cucumber.testng.FeatureWrapper)[pri:0, instance:testRunner.TestRunner@3b69e7d1]" name="runScenario" duration-ms="65926" started-at="2024-12-15T17:43:41 IST" description="Runs Cucumber Scenarios" data-provider="scenarios" finished-at="2024-12-15T17:44:47 IST">
          <params>
            <param index="0">
              <value>
                <![CDATA["Verify Item is added to the cart on ebay"]]>
              </value>
            </param>
            <param index="1">
              <value>
                <![CDATA["Optional[Verify the item added to the cart]"]]>
              </value>
            </param>
          </params>
          <reporter-output>
          </reporter-output>
        </test-method> <!-- runScenario -->
        <test-method status="PASS" signature="tearDownClass()[pri:0, instance:testRunner.TestRunner@3b69e7d1]" name="tearDownClass" is-config="true" duration-ms="316" started-at="2024-12-15T17:44:47 IST" finished-at="2024-12-15T17:44:47 IST">
          <reporter-output>
          </reporter-output>
        </test-method> <!-- tearDownClass -->
      </class> <!-- testRunner.TestRunner -->
    </test> <!-- Surefire test -->
  </suite> <!-- Surefire suite -->
</testng-results>
